<?xml version="1.0" encoding="UTF-8"?>
<!-- Generated by org.testng.reporters.JUnitXMLReporter -->
<testsuite hostname="DESKTOP-G46QBGA" ignored="0" name="Test" tests="5" failures="0" timestamp="06 Dec 2020 05:46:46 GMT" time="91.552" errors="0">
  <testcase name="validateTestCases" time="75.296" classname="testCases.TestCase_UI"/>
  <testcase name="countPostsForSpecificUserId" time="4.098" classname="testCases.TestCase_API"/>
  <testcase name="getPostIdFromComments" time="0.351" classname="testCases.TestCase_API"/>
  <testcase name="countCommentsForSpecificPostId" time="0.212" classname="testCases.TestCase_API"/>
  <testcase name="getAllUsers" time="0.189" classname="testCases.TestCase_API"/>
</testsuite> <!-- Test -->
