<?xml version="1.0" encoding="UTF-8"?>
<testng-results skipped="0" failed="0" ignored="0" total="5" passed="5">
  <reporter-output>
  </reporter-output>
  <suite name="Suite" duration-ms="91552" started-at="2020-12-06T05:45:14Z" finished-at="2020-12-06T05:46:46Z">
    <groups>
    </groups>
    <test name="Test" duration-ms="91552" started-at="2020-12-06T05:45:14Z" finished-at="2020-12-06T05:46:46Z">
      <class name="testCases.TestCase_UI">
        <test-method status="PASS" signature="launchURL()[pri:0, instance:testCases.TestCase_UI@60438a68]" name="launchURL" is-config="true" duration-ms="10426" started-at="2020-12-06T05:45:14Z" finished-at="2020-12-06T05:45:25Z">
          <reporter-output>
          </reporter-output>
        </test-method> <!-- launchURL -->
        <test-method status="PASS" signature="validateTestCases(java.lang.String, java.lang.String)[pri:0, instance:testCases.TestCase_UI@60438a68]" name="validateTestCases" duration-ms="75296" started-at="2020-12-06T05:45:25Z" data-provider="getData" finished-at="2020-12-06T05:46:40Z">
          <params>
            <param index="0">
              <value>
                <![CDATA[Bangalore]]>
              </value>
            </param>
            <param index="1">
              <value>
                <![CDATA[New Delhi]]>
              </value>
            </param>
          </params>
          <reporter-output>
          </reporter-output>
        </test-method> <!-- validateTestCases -->
        <test-method status="PASS" signature="endTest()[pri:0, instance:testCases.TestCase_UI@60438a68]" name="endTest" is-config="true" duration-ms="908" started-at="2020-12-06T05:46:40Z" finished-at="2020-12-06T05:46:41Z">
          <reporter-output>
          </reporter-output>
        </test-method> <!-- endTest -->
      </class> <!-- testCases.TestCase_UI -->
      <class name="testCases.TestCase_API">
        <test-method status="PASS" signature="countPostsForSpecificUserId()[pri:1, instance:testCases.TestCase_API@140e5a13]" name="countPostsForSpecificUserId" duration-ms="4098" started-at="2020-12-06T05:46:41Z" finished-at="2020-12-06T05:46:45Z">
          <reporter-output>
          </reporter-output>
        </test-method> <!-- countPostsForSpecificUserId -->
        <test-method status="PASS" signature="getPostIdFromComments()[pri:2, instance:testCases.TestCase_API@140e5a13]" name="getPostIdFromComments" duration-ms="351" started-at="2020-12-06T05:46:45Z" finished-at="2020-12-06T05:46:46Z">
          <reporter-output>
          </reporter-output>
        </test-method> <!-- getPostIdFromComments -->
        <test-method status="PASS" signature="countCommentsForSpecificPostId()[pri:3, instance:testCases.TestCase_API@140e5a13]" name="countCommentsForSpecificPostId" duration-ms="212" started-at="2020-12-06T05:46:46Z" finished-at="2020-12-06T05:46:46Z">
          <reporter-output>
          </reporter-output>
        </test-method> <!-- countCommentsForSpecificPostId -->
        <test-method status="PASS" signature="getAllUsers()[pri:4, instance:testCases.TestCase_API@140e5a13]" name="getAllUsers" duration-ms="189" started-at="2020-12-06T05:46:46Z" finished-at="2020-12-06T05:46:46Z">
          <reporter-output>
          </reporter-output>
        </test-method> <!-- getAllUsers -->
      </class> <!-- testCases.TestCase_API -->
    </test> <!-- Test -->
  </suite> <!-- Suite -->
</testng-results>
