<?xml version="1.0" encoding="UTF-8"?>
<!-- Generated by org.testng.reporters.JUnitXMLReporter -->
<testsuite hostname="DESKTOP-G46QBGA" ignored="0" name="Test" tests="5" failures="0" timestamp="06 Dec 2020 05:52:08 GMT" time="92.787" errors="0">
  <testcase name="validateTestCases" time="75.729" classname="testCases.TestCase_UI"/>
  <testcase name="countPostsForSpecificUserId" time="4.203" classname="testCases.TestCase_API"/>
  <testcase name="getPostIdFromComments" time="0.463" classname="testCases.TestCase_API"/>
  <testcase name="countCommentsForSpecificPostId" time="0.233" classname="testCases.TestCase_API"/>
  <testcase name="getAllUsers" time="0.197" classname="testCases.TestCase_API"/>
</testsuite> <!-- Test -->
